<?xml version="1.0" encoding="UTF-8"?>
<!-- Generated by org.testng.reporters.JUnitReportReporter -->
<testsuite hostname="LAPTOP-7DJ18U3D" failures="0" tests="1" name="runner.TestNgRunner" time="0.310" errors="0" timestamp="2022-08-16T10:52:21 IST" skipped="0">
  <testcase classname="runner.TestNgRunner" name="runScenario" time="0.310"/>
</testsuite> <!-- runner.TestNgRunner -->
